#
# There is insufficient memory for the Java Runtime Environment to continue.
# Native memory allocation (malloc) failed to allocate 1183792 bytes for Chunk::new
# Possible reasons:
#   The system is out of physical RAM or swap space
#   The process is running with CompressedOops enabled, and the Java Heap may be blocking the growth of the native heap
# Possible solutions:
#   Reduce memory load on the system
#   Increase physical memory or swap space
#   Check if swap backing store is full
#   Decrease Java heap size (-Xmx/-Xms)
#   Decrease number of Java threads
#   Decrease Java thread stack sizes (-Xss)
#   Set larger code cache with -XX:ReservedCodeCacheSize=
#   JVM is running with Zero Based Compressed Oops mode in which the Java heap is
#     placed in the first 32GB address space. The Java Heap base address is the
#     maximum limit for the native heap growth. Please use -XX:HeapBaseMinAddress
#     to set the Java Heap base and to place the Java Heap above 32GB virtual address.
# This output file may be truncated or incomplete.
#
#  Out of Memory Error (arena.cpp:189), pid=18540, tid=18676
#
# JRE version: OpenJDK Runtime Environment (17.0.6) (build 17.0.6+0-b2043.56-10027231)
# Java VM: OpenJDK 64-Bit Server VM (17.0.6+0-b2043.56-10027231, mixed mode, tiered, compressed oops, compressed class ptrs, g1 gc, windows-amd64)
# No core dump will be written. Minidumps are not enabled by default on client versions of Windows
#

---------------  S U M M A R Y ------------

Command Line: org.jetbrains.kotlin.cli.jvm.K2JVMCompiler @C:\Users\nataly\AndroidStudioProjects\CocktailBar\app\build\20230808_5931285953539804939.compiler.options

Host: Intel(R) Core(TM) i5-10400F CPU @ 2.90GHz, 12 cores, 15G,  Windows 10 , 64 bit Build 19041 (10.0.19041.3155)
Time: Tue Aug  8 13:41:35 2023 Russia TZ 2 Standard Time elapsed time: 5.641715 seconds (0d 0h 0m 5s)

---------------  T H R E A D  ---------------

Current thread (0x00000155a5e2e3d0):  JavaThread "C2 CompilerThread1" daemon [_thread_in_native, id=18676, stack(0x0000001120700000,0x0000001120800000)]


Current CompileTask:
C2:   5641 10973       4       org.jetbrains.kotlin.load.kotlin.TypeSignatureMappingKt::mapBuiltInType (339 bytes)

Stack: [0x0000001120700000,0x0000001120800000]
Native frames: (J=compiled Java code, j=interpreted, Vv=VM code, C=native code)
V  [jvm.dll+0x683c9a]
V  [jvm.dll+0x8427a4]
V  [jvm.dll+0x843f9e]
V  [jvm.dll+0x844603]
V  [jvm.dll+0x249b75]
V  [jvm.dll+0xabcac]
V  [jvm.dll+0xac27c]
V  [jvm.dll+0x368857]
V  [jvm.dll+0x1bd0b8]
V  [jvm.dll+0x21c359]
V  [jvm.dll+0x21b621]
V  [jvm.dll+0x1a4fdd]
V  [jvm.dll+0x22b098]
V  [jvm.dll+0x229159]
V  [jvm.dll+0x7f81ec]
V  [jvm.dll+0x7f274a]
V  [jvm.dll+0x682ad5]
C  [ucrtbase.dll+0x21bb2]
C  [KERNEL32.DLL+0x17614]
C  [ntdll.dll+0x526b1]


---------------  P R O C E S S  ---------------

Threads class SMR info:
_java_thread_list=0x00000155a73cdc80, length=14, elements={
0x00000155862a87c0, 0x00000155a4bdb180, 0x00000155a4bdbff0, 0x00000155a5c720a0,
0x00000155a5c72b60, 0x00000155a5cab010, 0x00000155a5cab8d0, 0x00000155a5cac4c0,
0x00000155a5caef70, 0x00000155a5caff70, 0x00000155a5e24080, 0x00000155a5e26560,
0x00000155a5e2e3d0, 0x00000155a75f2440
}

Java Threads: ( => current thread )
  0x00000155862a87c0 JavaThread "main" [_thread_in_Java, id=18600, stack(0x000000111f400000,0x000000111f500000)]
  0x00000155a4bdb180 JavaThread "Reference Handler" daemon [_thread_blocked, id=18628, stack(0x000000111fb00000,0x000000111fc00000)]
  0x00000155a4bdbff0 JavaThread "Finalizer" daemon [_thread_blocked, id=18632, stack(0x000000111fc00000,0x000000111fd00000)]
  0x00000155a5c720a0 JavaThread "Signal Dispatcher" daemon [_thread_blocked, id=18636, stack(0x000000111fd00000,0x000000111fe00000)]
  0x00000155a5c72b60 JavaThread "Attach Listener" daemon [_thread_blocked, id=18640, stack(0x000000111fe00000,0x000000111ff00000)]
  0x00000155a5cab010 JavaThread "Service Thread" daemon [_thread_blocked, id=18644, stack(0x000000111ff00000,0x0000001120000000)]
  0x00000155a5cab8d0 JavaThread "Monitor Deflation Thread" daemon [_thread_blocked, id=18648, stack(0x0000001120000000,0x0000001120100000)]
  0x00000155a5cac4c0 JavaThread "C2 CompilerThread0" daemon [_thread_in_native, id=18652, stack(0x0000001120100000,0x0000001120200000)]
  0x00000155a5caef70 JavaThread "C1 CompilerThread0" daemon [_thread_in_native, id=18656, stack(0x0000001120200000,0x0000001120300000)]
  0x00000155a5caff70 JavaThread "Sweeper thread" daemon [_thread_blocked, id=18660, stack(0x0000001120300000,0x0000001120400000)]
  0x00000155a5e24080 JavaThread "Notification Thread" daemon [_thread_blocked, id=18664, stack(0x0000001120400000,0x0000001120500000)]
  0x00000155a5e26560 JavaThread "Common-Cleaner" daemon [_thread_blocked, id=18672, stack(0x0000001120600000,0x0000001120700000)]
=>0x00000155a5e2e3d0 JavaThread "C2 CompilerThread1" daemon [_thread_in_native, id=18676, stack(0x0000001120700000,0x0000001120800000)]
  0x00000155a75f2440 JavaThread "C2 CompilerThread2" daemon [_thread_in_native, id=18720, stack(0x0000001121200000,0x0000001121300000)]

Other Threads:
  0x00000155a5c641f0 VMThread "VM Thread" [stack: 0x000000111fa00000,0x000000111fb00000] [id=18624]
  0x000001558632eb00 WatcherThread [stack: 0x0000001120500000,0x0000001120600000] [id=18668]
  0x0000015586316960 GCTaskThread "GC Thread#0" [stack: 0x000000111f500000,0x000000111f600000] [id=18604]
  0x00000155a634fc40 GCTaskThread "GC Thread#1" [stack: 0x0000001120800000,0x0000001120900000] [id=18680]
  0x00000155a638ea40 GCTaskThread "GC Thread#2" [stack: 0x0000001120900000,0x0000001120a00000] [id=18684]
  0x00000155a638ecf0 GCTaskThread "GC Thread#3" [stack: 0x0000001120a00000,0x0000001120b00000] [id=18688]
  0x00000155a640fe40 GCTaskThread "GC Thread#4" [stack: 0x0000001120b00000,0x0000001120c00000] [id=18692]
  0x00000155a64100f0 GCTaskThread "GC Thread#5" [stack: 0x0000001120c00000,0x0000001120d00000] [id=18696]
  0x00000155a744c2e0 GCTaskThread "GC Thread#6" [stack: 0x0000001120d00000,0x0000001120e00000] [id=18700]
  0x00000155a744c590 GCTaskThread "GC Thread#7" [stack: 0x0000001120e00000,0x0000001120f00000] [id=18704]
  0x00000155a744b2c0 GCTaskThread "GC Thread#8" [stack: 0x0000001120f00000,0x0000001121000000] [id=18708]
  0x00000155a744b010 GCTaskThread "GC Thread#9" [stack: 0x0000001121300000,0x0000001121400000] [id=18724]
  0x0000015586327660 ConcurrentGCThread "G1 Main Marker" [stack: 0x000000111f600000,0x000000111f700000] [id=18608]
  0x0000015586328070 ConcurrentGCThread "G1 Conc#0" [stack: 0x000000111f700000,0x000000111f800000] [id=18612]
  0x00000155a744bd80 ConcurrentGCThread "G1 Conc#1" [stack: 0x0000001121000000,0x0000001121100000] [id=18712]
  0x00000155a744c840 ConcurrentGCThread "G1 Conc#2" [stack: 0x0000001121100000,0x0000001121200000] [id=18716]
  0x00000155a4a91260 ConcurrentGCThread "G1 Refine#0" [stack: 0x000000111f800000,0x000000111f900000] [id=18616]
  0x00000155acad99e0 ConcurrentGCThread "G1 Refine#1" [stack: 0x0000001121400000,0x0000001121500000] [id=18732]
  0x00000155acad85c0 ConcurrentGCThread "G1 Refine#2" [stack: 0x0000001121500000,0x0000001121600000] [id=18736]
  0x00000155a4a91c80 ConcurrentGCThread "G1 Service" [stack: 0x000000111f900000,0x000000111fa00000] [id=18620]

Threads with active compile tasks:
C2 CompilerThread0     5649 10982       4       org.jetbrains.kotlin.utils.SmartList$SingletonIteratorBase::next (29 bytes)
C1 CompilerThread0     5649 11230       3       org.jetbrains.org.objectweb.asm.commons.InstructionAdapter::visitInsn (1783 bytes)
C2 CompilerThread1     5649 10973       4       org.jetbrains.kotlin.load.kotlin.TypeSignatureMappingKt::mapBuiltInType (339 bytes)
C2 CompilerThread2     5649 10825 %     4       org.jetbrains.org.objectweb.asm.ClassReader::readCode @ 2165 (5089 bytes)

VM state: not at safepoint (normal execution)

VM Mutex/Monitor currently owned by a thread:  ([mutex/lock_event])
[0x00000155862a4730] CompiledIC_lock - owner thread: 0x0000000000000000

Heap address: 0x0000000702400000, size: 4060 MB, Compressed Oops mode: Zero based, Oop shift amount: 3

CDS archive(s) not mapped
Compressed class space mapped at: 0x0000000800000000-0x0000000840000000, reserved size: 1073741824
Narrow klass base: 0x0000000800000000, Narrow klass shift: 0, Narrow klass range: 0x40000000

GC Precious Log:
 CPUs: 12 total, 12 available
 Memory: 16236M
 Large Page Support: Disabled
 NUMA Support: Disabled
 Compressed Oops: Enabled (Zero based)
 Heap Region Size: 2M
 Heap Min Capacity: 8M
 Heap Initial Capacity: 254M
 Heap Max Capacity: 4060M
 Pre-touch: Disabled
 Parallel Workers: 10
 Concurrent Workers: 3
 Concurrent Refinement Workers: 10
 Periodic GC: Disabled

Heap:
 garbage-first heap   total 217088K, used 123746K [0x0000000702400000, 0x0000000800000000)
  region size 2048K, 28 young (57344K), 4 survivors (8192K)
 Metaspace       used 85129K, committed 85504K, reserved 1130496K
  class space    used 9759K, committed 9920K, reserved 1048576K

Heap Regions: E=young(eden), S=young(survivor), O=old, HS=humongous(starts), HC=humongous(continues), CS=collection set, F=free, OA=open archive, CA=closed archive, TAMS=top-at-mark-start (previous, next)
|   0|0x0000000702400000, 0x0000000702600000, 0x0000000702600000|100%|HS|  |TAMS 0x0000000702600000, 0x0000000702400000| Complete 
|   1|0x0000000702600000, 0x0000000702800000, 0x0000000702800000|100%|HC|  |TAMS 0x0000000702800000, 0x0000000702600000| Complete 
|   2|0x0000000702800000, 0x0000000702a00000, 0x0000000702a00000|100%|HS|  |TAMS 0x0000000702a00000, 0x0000000702800000| Complete 
|   3|0x0000000702a00000, 0x0000000702c00000, 0x0000000702c00000|100%|HC|  |TAMS 0x0000000702c00000, 0x0000000702a00000| Complete 
|   4|0x0000000702c00000, 0x0000000702e00000, 0x0000000702e00000|100%| O|  |TAMS 0x0000000702e00000, 0x0000000702c00000| Untracked 
|   5|0x0000000702e00000, 0x0000000703000000, 0x0000000703000000|100%|HS|  |TAMS 0x0000000703000000, 0x0000000702e00000| Complete 
|   6|0x0000000703000000, 0x0000000703200000, 0x0000000703200000|100%| O|  |TAMS 0x0000000703200000, 0x0000000703000000| Untracked 
|   7|0x0000000703200000, 0x0000000703400000, 0x0000000703400000|100%| O|  |TAMS 0x0000000703400000, 0x0000000703200000| Untracked 
|   8|0x0000000703400000, 0x0000000703600000, 0x0000000703600000|100%| O|  |TAMS 0x0000000703600000, 0x0000000703400000| Untracked 
|   9|0x0000000703600000, 0x0000000703800000, 0x0000000703800000|100%| O|  |TAMS 0x0000000703800000, 0x0000000703600000| Untracked 
|  10|0x0000000703800000, 0x0000000703a00000, 0x0000000703a00000|100%| O|  |TAMS 0x0000000703a00000, 0x0000000703800000| Untracked 
|  11|0x0000000703a00000, 0x0000000703c00000, 0x0000000703c00000|100%| O|  |TAMS 0x0000000703c00000, 0x0000000703a00000| Untracked 
|  12|0x0000000703c00000, 0x0000000703e00000, 0x0000000703e00000|100%| O|  |TAMS 0x0000000703e00000, 0x0000000703c00000| Untracked 
|  13|0x0000000703e00000, 0x0000000704000000, 0x0000000704000000|100%| O|  |TAMS 0x0000000704000000, 0x0000000703e00000| Untracked 
|  14|0x0000000704000000, 0x0000000704200000, 0x0000000704200000|100%| O|  |TAMS 0x0000000704200000, 0x0000000704000000| Untracked 
|  15|0x0000000704200000, 0x0000000704400000, 0x0000000704400000|100%| O|  |TAMS 0x0000000704400000, 0x0000000704200000| Untracked 
|  16|0x0000000704400000, 0x0000000704600000, 0x0000000704600000|100%| O|  |TAMS 0x0000000704600000, 0x0000000704400000| Untracked 
|  17|0x0000000704600000, 0x0000000704800000, 0x0000000704800000|100%| O|  |TAMS 0x0000000704800000, 0x0000000704600000| Untracked 
|  18|0x0000000704800000, 0x0000000704a00000, 0x0000000704a00000|100%| O|  |TAMS 0x0000000704a00000, 0x0000000704800000| Untracked 
|  19|0x0000000704a00000, 0x0000000704c00000, 0x0000000704c00000|100%| O|  |TAMS 0x0000000704c00000, 0x0000000704a00000| Untracked 
|  20|0x0000000704c00000, 0x0000000704e00000, 0x0000000704e00000|100%| O|  |TAMS 0x0000000704e00000, 0x0000000704c00000| Untracked 
|  21|0x0000000704e00000, 0x0000000705000000, 0x0000000705000000|100%| O|  |TAMS 0x0000000704f62000, 0x0000000704e00000| Untracked 
|  22|0x0000000705000000, 0x0000000705200000, 0x0000000705200000|100%| O|  |TAMS 0x0000000705000000, 0x0000000705000000| Untracked 
|  23|0x0000000705200000, 0x0000000705400000, 0x0000000705400000|100%| O|  |TAMS 0x0000000705200000, 0x0000000705200000| Untracked 
|  24|0x0000000705400000, 0x0000000705600000, 0x0000000705600000|100%| O|  |TAMS 0x0000000705400000, 0x0000000705400000| Untracked 
|  25|0x0000000705600000, 0x0000000705800000, 0x0000000705800000|100%| O|  |TAMS 0x0000000705600000, 0x0000000705600000| Untracked 
|  26|0x0000000705800000, 0x0000000705a00000, 0x0000000705a00000|100%| O|  |TAMS 0x0000000705800000, 0x0000000705800000| Untracked 
|  27|0x0000000705a00000, 0x0000000705c00000, 0x0000000705c00000|100%| O|  |TAMS 0x0000000705a00000, 0x0000000705a00000| Untracked 
|  28|0x0000000705c00000, 0x0000000705e00000, 0x0000000705e00000|100%| O|  |TAMS 0x0000000705c00000, 0x0000000705c00000| Untracked 
|  29|0x0000000705e00000, 0x0000000706000000, 0x0000000706000000|100%| O|  |TAMS 0x0000000705e00000, 0x0000000705e00000| Untracked 
|  30|0x0000000706000000, 0x0000000706200000, 0x0000000706200000|100%| O|  |TAMS 0x0000000706000000, 0x0000000706000000| Untracked 
|  31|0x0000000706200000, 0x0000000706400000, 0x0000000706400000|100%| O|  |TAMS 0x0000000706200000, 0x0000000706200000| Untracked 
|  32|0x0000000706400000, 0x0000000706600000, 0x0000000706600000|100%| O|  |TAMS 0x0000000706400000, 0x0000000706400000| Untracked 
|  33|0x0000000706600000, 0x000000070670c400, 0x0000000706800000| 52%| O|  |TAMS 0x0000000706600000, 0x0000000706600000| Untracked 
|  34|0x0000000706800000, 0x0000000706800000, 0x0000000706a00000|  0%| F|  |TAMS 0x0000000706800000, 0x0000000706800000| Untracked 
|  35|0x0000000706a00000, 0x0000000706a00000, 0x0000000706c00000|  0%| F|  |TAMS 0x0000000706a00000, 0x0000000706a00000| Untracked 
|  36|0x0000000706c00000, 0x0000000706c00000, 0x0000000706e00000|  0%| F|  |TAMS 0x0000000706c00000, 0x0000000706c00000| Untracked 
|  37|0x0000000706e00000, 0x0000000706e00000, 0x0000000707000000|  0%| F|  |TAMS 0x0000000706e00000, 0x0000000706e00000| Untracked 
|  38|0x0000000707000000, 0x0000000707000000, 0x0000000707200000|  0%| F|  |TAMS 0x0000000707000000, 0x0000000707000000| Untracked 
|  39|0x0000000707200000, 0x0000000707200000, 0x0000000707400000|  0%| F|  |TAMS 0x0000000707200000, 0x0000000707200000| Untracked 
|  40|0x0000000707400000, 0x0000000707400000, 0x0000000707600000|  0%| F|  |TAMS 0x0000000707400000, 0x0000000707400000| Untracked 
|  41|0x0000000707600000, 0x0000000707600000, 0x0000000707800000|  0%| F|  |TAMS 0x0000000707600000, 0x0000000707600000| Untracked 
|  42|0x0000000707800000, 0x0000000707800000, 0x0000000707a00000|  0%| F|  |TAMS 0x0000000707800000, 0x0000000707800000| Untracked 
|  43|0x0000000707a00000, 0x0000000707a00000, 0x0000000707c00000|  0%| F|  |TAMS 0x0000000707a00000, 0x0000000707a00000| Untracked 
|  44|0x0000000707c00000, 0x0000000707c00000, 0x0000000707e00000|  0%| F|  |TAMS 0x0000000707c00000, 0x0000000707c00000| Untracked 
|  45|0x0000000707e00000, 0x0000000707fcc7b0, 0x0000000708000000| 89%| S|CS|TAMS 0x0000000707e00000, 0x0000000707e00000| Complete 
|  46|0x0000000708000000, 0x0000000708200000, 0x0000000708200000|100%| S|CS|TAMS 0x0000000708000000, 0x0000000708000000| Complete 
|  47|0x0000000708200000, 0x0000000708200000, 0x0000000708400000|  0%| F|  |TAMS 0x0000000708200000, 0x0000000708200000| Untracked 
|  48|0x0000000708400000, 0x0000000708400000, 0x0000000708600000|  0%| F|  |TAMS 0x0000000708400000, 0x0000000708400000| Untracked 
|  49|0x0000000708600000, 0x0000000708600000, 0x0000000708800000|  0%| F|  |TAMS 0x0000000708600000, 0x0000000708600000| Untracked 
|  50|0x0000000708800000, 0x0000000708a00000, 0x0000000708a00000|100%| S|CS|TAMS 0x0000000708800000, 0x0000000708800000| Complete 
|  51|0x0000000708a00000, 0x0000000708c00000, 0x0000000708c00000|100%| S|CS|TAMS 0x0000000708a00000, 0x0000000708a00000| Complete 
|  52|0x0000000708c00000, 0x0000000708c00000, 0x0000000708e00000|  0%| F|  |TAMS 0x0000000708c00000, 0x0000000708c00000| Untracked 
|  53|0x0000000708e00000, 0x0000000708e00000, 0x0000000709000000|  0%| F|  |TAMS 0x0000000708e00000, 0x0000000708e00000| Untracked 
|  54|0x0000000709000000, 0x0000000709000000, 0x0000000709200000|  0%| F|  |TAMS 0x0000000709000000, 0x0000000709000000| Untracked 
|  55|0x0000000709200000, 0x0000000709200000, 0x0000000709400000|  0%| F|  |TAMS 0x0000000709200000, 0x0000000709200000| Untracked 
|  56|0x0000000709400000, 0x0000000709400000, 0x0000000709600000|  0%| F|  |TAMS 0x0000000709400000, 0x0000000709400000| Untracked 
|  57|0x0000000709600000, 0x0000000709600000, 0x0000000709800000|  0%| F|  |TAMS 0x0000000709600000, 0x0000000709600000| Untracked 
|  58|0x0000000709800000, 0x0000000709800000, 0x0000000709a00000|  0%| F|  |TAMS 0x0000000709800000, 0x0000000709800000| Untracked 
|  59|0x0000000709a00000, 0x0000000709a00000, 0x0000000709c00000|  0%| F|  |TAMS 0x0000000709a00000, 0x0000000709a00000| Untracked 
|  60|0x0000000709c00000, 0x0000000709c00000, 0x0000000709e00000|  0%| F|  |TAMS 0x0000000709c00000, 0x0000000709c00000| Untracked 
|  61|0x0000000709e00000, 0x0000000709e00000, 0x000000070a000000|  0%| F|  |TAMS 0x0000000709e00000, 0x0000000709e00000| Untracked 
|  62|0x000000070a000000, 0x000000070a000000, 0x000000070a200000|  0%| F|  |TAMS 0x000000070a000000, 0x000000070a000000| Untracked 
|  63|0x000000070a200000, 0x000000070a200000, 0x000000070a400000|  0%| F|  |TAMS 0x000000070a200000, 0x000000070a200000| Untracked 
|  64|0x000000070a400000, 0x000000070a400000, 0x000000070a600000|  0%| F|  |TAMS 0x000000070a400000, 0x000000070a400000| Untracked 
|  65|0x000000070a600000, 0x000000070a600000, 0x000000070a800000|  0%| F|  |TAMS 0x000000070a600000, 0x000000070a600000| Untracked 
|  66|0x000000070a800000, 0x000000070a800000, 0x000000070aa00000|  0%| F|  |TAMS 0x000000070a800000, 0x000000070a800000| Untracked 
|  67|0x000000070aa00000, 0x000000070aa00000, 0x000000070ac00000|  0%| F|  |TAMS 0x000000070aa00000, 0x000000070aa00000| Untracked 
|  68|0x000000070ac00000, 0x000000070ac00000, 0x000000070ae00000|  0%| F|  |TAMS 0x000000070ac00000, 0x000000070ac00000| Untracked 
|  69|0x000000070ae00000, 0x000000070ae00000, 0x000000070b000000|  0%| F|  |TAMS 0x000000070ae00000, 0x000000070ae00000| Untracked 
|  70|0x000000070b000000, 0x000000070b000000, 0x000000070b200000|  0%| F|  |TAMS 0x000000070b000000, 0x000000070b000000| Untracked 
|  71|0x000000070b200000, 0x000000070b200000, 0x000000070b400000|  0%| F|  |TAMS 0x000000070b200000, 0x000000070b200000| Untracked 
|  72|0x000000070b400000, 0x000000070b400000, 0x000000070b600000|  0%| F|  |TAMS 0x000000070b400000, 0x000000070b400000| Untracked 
|  73|0x000000070b600000, 0x000000070b600000, 0x000000070b800000|  0%| F|  |TAMS 0x000000070b600000, 0x000000070b600000| Untracked 
|  74|0x000000070b800000, 0x000000070b800000, 0x000000070ba00000|  0%| F|  |TAMS 0x000000070b800000, 0x000000070b800000| Untracked 
|  75|0x000000070ba00000, 0x000000070ba00000, 0x000000070bc00000|  0%| F|  |TAMS 0x000000070ba00000, 0x000000070ba00000| Untracked 
|  76|0x000000070bc00000, 0x000000070bc00000, 0x000000070be00000|  0%| F|  |TAMS 0x000000070bc00000, 0x000000070bc00000| Untracked 
|  77|0x000000070be00000, 0x000000070be00000, 0x000000070c000000|  0%| F|  |TAMS 0x000000070be00000, 0x000000070be00000| Untracked 
|  78|0x000000070c000000, 0x000000070c000000, 0x000000070c200000|  0%| F|  |TAMS 0x000000070c000000, 0x000000070c000000| Untracked 
|  79|0x000000070c200000, 0x000000070c200000, 0x000000070c400000|  0%| F|  |TAMS 0x000000070c200000, 0x000000070c200000| Untracked 
|  80|0x000000070c400000, 0x000000070c400000, 0x000000070c600000|  0%| F|  |TAMS 0x000000070c400000, 0x000000070c400000| Untracked 
|  81|0x000000070c600000, 0x000000070c600000, 0x000000070c800000|  0%| F|  |TAMS 0x000000070c600000, 0x000000070c600000| Untracked 
|  82|0x000000070c800000, 0x000000070ca00000, 0x000000070ca00000|100%| E|  |TAMS 0x000000070c800000, 0x000000070c800000| Complete 
|  83|0x000000070ca00000, 0x000000070cc00000, 0x000000070cc00000|100%| E|CS|TAMS 0x000000070ca00000, 0x000000070ca00000| Complete 
|  84|0x000000070cc00000, 0x000000070ce00000, 0x000000070ce00000|100%| E|CS|TAMS 0x000000070cc00000, 0x000000070cc00000| Complete 
|  85|0x000000070ce00000, 0x000000070d000000, 0x000000070d000000|100%| E|CS|TAMS 0x000000070ce00000, 0x000000070ce00000| Complete 
|  86|0x000000070d000000, 0x000000070d200000, 0x000000070d200000|100%| E|CS|TAMS 0x000000070d000000, 0x000000070d000000| Complete 
|  87|0x000000070d200000, 0x000000070d400000, 0x000000070d400000|100%| E|CS|TAMS 0x000000070d200000, 0x000000070d200000| Complete 
|  88|0x000000070d400000, 0x000000070d600000, 0x000000070d600000|100%| E|CS|TAMS 0x000000070d400000, 0x000000070d400000| Complete 
|  89|0x000000070d600000, 0x000000070d800000, 0x000000070d800000|100%| E|CS|TAMS 0x000000070d600000, 0x000000070d600000| Complete 
|  90|0x000000070d800000, 0x000000070da00000, 0x000000070da00000|100%| E|CS|TAMS 0x000000070d800000, 0x000000070d800000| Complete 
|  91|0x000000070da00000, 0x000000070dc00000, 0x000000070dc00000|100%| E|CS|TAMS 0x000000070da00000, 0x000000070da00000| Complete 
|  92|0x000000070dc00000, 0x000000070de00000, 0x000000070de00000|100%| E|CS|TAMS 0x000000070dc00000, 0x000000070dc00000| Complete 
|  93|0x000000070de00000, 0x000000070e000000, 0x000000070e000000|100%| E|CS|TAMS 0x000000070de00000, 0x000000070de00000| Complete 
|  94|0x000000070e000000, 0x000000070e200000, 0x000000070e200000|100%| E|CS|TAMS 0x000000070e000000, 0x000000070e000000| Complete 
|  95|0x000000070e200000, 0x000000070e400000, 0x000000070e400000|100%| E|CS|TAMS 0x000000070e200000, 0x000000070e200000| Complete 
|  96|0x000000070e400000, 0x000000070e600000, 0x000000070e600000|100%| E|CS|TAMS 0x000000070e400000, 0x000000070e400000| Complete 
|  97|0x000000070e600000, 0x000000070e800000, 0x000000070e800000|100%| E|CS|TAMS 0x000000070e600000, 0x000000070e600000| Complete 
|  98|0x000000070e800000, 0x000000070ea00000, 0x000000070ea00000|100%| E|CS|TAMS 0x000000070e800000, 0x000000070e800000| Complete 
|  99|0x000000070ea00000, 0x000000070ec00000, 0x000000070ec00000|100%| E|CS|TAMS 0x000000070ea00000, 0x000000070ea00000| Complete 
| 100|0x000000070ec00000, 0x000000070ee00000, 0x000000070ee00000|100%| E|CS|TAMS 0x000000070ec00000, 0x000000070ec00000| Complete 
| 122|0x0000000711800000, 0x0000000711a00000, 0x0000000711a00000|100%| E|CS|TAMS 0x0000000711800000, 0x0000000711800000| Complete 
| 123|0x0000000711a00000, 0x0000000711c00000, 0x0000000711c00000|100%| E|CS|TAMS 0x0000000711a00000, 0x0000000711a00000| Complete 
| 124|0x0000000711c00000, 0x0000000711e00000, 0x0000000711e00000|100%| E|CS|TAMS 0x0000000711c00000, 0x0000000711c00000| Complete 
| 125|0x0000000711e00000, 0x0000000712000000, 0x0000000712000000|100%| E|CS|TAMS 0x0000000711e00000, 0x0000000711e00000| Complete 
| 126|0x0000000712000000, 0x0000000712200000, 0x0000000712200000|100%| E|CS|TAMS 0x0000000712000000, 0x0000000712000000| Complete 

Card table byte_map: [0x00000155994c0000,0x0000015599cb0000] _byte_map_base: 0x0000015595cae000

Marking Bits (Prev, Next): (CMBitMap*) 0x0000015586316f70, (CMBitMap*) 0x0000015586316fb0
 Prev Bits: [0x000001559a4a0000, 0x000001559e410000)
 Next Bits: [0x000001559e410000, 0x00000155a2380000)

Polling page: 0x0000015584220000

Metaspace:

Usage:
  Non-class:     73.64 MB used.
      Class:      9.53 MB used.
       Both:     83.17 MB used.

Virtual space:
  Non-class space:       80.00 MB reserved,      73.81 MB ( 92%) committed,  10 nodes.
      Class space:        1.00 GB reserved,       9.69 MB ( <1%) committed,  1 nodes.
             Both:        1.08 GB reserved,      83.50 MB (  8%) committed. 

Chunk freelists:
   Non-Class:  2.12 MB
       Class:  2.03 MB
        Both:  4.16 MB

MaxMetaspaceSize: unlimited
CompressedClassSpaceSize: 1.00 GB
Initial GC threshold: 21.00 MB
Current GC threshold: 112.31 MB
CDS: off
MetaspaceReclaimPolicy: balanced
 - commit_granule_bytes: 65536.
 - commit_granule_words: 8192.
 - virtual_space_node_default_size: 1048576.
 - enlarge_chunks_in_place: 1.
 - new_chunks_are_fully_committed: 0.
 - uncommit_free_chunks: 1.
 - use_allocation_guard: 0.
 - handle_deallocations: 1.


Internal statistics:

num_allocs_failed_limit: 12.
num_arena_births: 338.
num_arena_deaths: 0.
num_vsnodes_births: 11.
num_vsnodes_deaths: 0.
num_space_committed: 1334.
num_space_uncommitted: 0.
num_chunks_returned_to_freelist: 12.
num_chunks_taken_from_freelist: 2990.
num_chunk_merges: 9.
num_chunk_splits: 2473.
num_chunks_enlarged: 2232.
num_purges: 0.
num_inconsistent_stats: 0.

CodeHeap 'non-profiled nmethods': size=120000Kb used=5297Kb max_used=5485Kb free=114702Kb
 bounds [0x0000015591250000, 0x00000155917b0000, 0x0000015598780000]
CodeHeap 'profiled nmethods': size=120000Kb used=26273Kb max_used=26308Kb free=93726Kb
 bounds [0x0000015589780000, 0x000001558b140000, 0x0000015590cb0000]
CodeHeap 'non-nmethods': size=5760Kb used=1411Kb max_used=1519Kb free=4348Kb
 bounds [0x0000015590cb0000, 0x0000015590f20000, 0x0000015591250000]
 total_blobs=10524 nmethods=9778 adapters=655
 compilation: enabled
              stopped_count=0, restarted_count=0
 full_count=0

Compilation events (20 events):
Event: 5.638 Thread 0x00000155a5cac4c0 11158       4       org.jetbrains.kotlin.backend.jvm.JvmIrTypeSystemContext::isClassTypeConstructor (6 bytes)
Event: 5.638 Thread 0x00000155a5caef70 11200       3       org.jetbrains.kotlin.types.TypeUtils::getDefaultTypeProjections (86 bytes)
Event: 5.638 Thread 0x00000155a5cac4c0 nmethod 11158 0x00000155917a6810 code [0x00000155917a6980, 0x00000155917a6a58]
Event: 5.638 Thread 0x00000155a5cac4c0 11199       4       org.jetbrains.kotlin.ir.symbols.impl.IrSymbolBase::getDescriptor (32 bytes)
Event: 5.638 Thread 0x00000155a5caef70 nmethod 11200 0x000001558a4ceb90 code [0x000001558a4cee60, 0x000001558a4cfeb8]
Event: 5.638 Thread 0x00000155a5caef70 11201       3       org.jetbrains.kotlin.com.intellij.psi.impl.source.tree.LazyParseableElement::getTextLength (21 bytes)
Event: 5.639 Thread 0x00000155a5caef70 nmethod 11201 0x000001558a4ce390 code [0x000001558a4ce580, 0x000001558a4cea28]
Event: 5.639 Thread 0x00000155a5caef70 11202       3       org.jetbrains.kotlin.codegen.optimization.common.UtilKt::asSequence (31 bytes)
Event: 5.639 Thread 0x00000155a5caef70 nmethod 11202 0x000001558a4cc790 code [0x000001558a4ccae0, 0x000001558a4cdd48]
Event: 5.639 Thread 0x00000155a5caef70 11203       1       org.jetbrains.kotlin.codegen.inline.ParameterInfo::getDeclarationIndex (5 bytes)
Event: 5.640 Thread 0x00000155a5caef70 nmethod 11203 0x00000155917a6b10 code [0x00000155917a6ca0, 0x00000155917a6d78]
Event: 5.640 Thread 0x00000155a5caef70 11205       1       org.jetbrains.kotlin.codegen.optimization.fixStack.FixStackValue::getSize (5 bytes)
Event: 5.640 Thread 0x00000155a5caef70 nmethod 11205 0x00000155917a6e10 code [0x00000155917a6fa0, 0x00000155917a7078]
Event: 5.640 Thread 0x00000155a5caef70 11204       1       org.jetbrains.kotlin.codegen.inline.InliningContext::getLambdaInfo (5 bytes)
Event: 5.640 Thread 0x00000155a5cac4c0 nmethod 11199 0x00000155917a7110 code [0x00000155917a72a0, 0x00000155917a7478]
Event: 5.640 Thread 0x00000155a5caef70 nmethod 11204 0x00000155917a7610 code [0x00000155917a77a0, 0x00000155917a7878]
Event: 5.640 Thread 0x00000155a5cac4c0 11025       4       org.jetbrains.kotlin.backend.jvm.mapping.IrTypeCheckerContextForTypeMapping::isClassTypeConstructor (18 bytes)
Event: 5.640 Thread 0x00000155a5caef70 11206       3       kotlin.text.StringsKt__StringsKt::findAnyOf$StringsKt__StringsKt (442 bytes)
Event: 5.640 Thread 0x00000155a5cac4c0 nmethod 11025 0x00000155917a7910 code [0x00000155917a7aa0, 0x00000155917a7bb8]
Event: 5.640 Thread 0x00000155a5cac4c0 11167       4       org.jetbrains.kotlin.ir.util.IrUtilsKt::isInterface (23 bytes)

GC Heap History (20 events):
Event: 1.248 GC heap before
{Heap before GC invocations=6 (full 0):
 garbage-first heap   total 49152K, used 35270K [0x0000000702400000, 0x0000000800000000)
  region size 2048K, 9 young (18432K), 2 survivors (4096K)
 Metaspace       used 33763K, committed 34048K, reserved 1081344K
  class space    used 4289K, committed 4416K, reserved 1048576K
}
Event: 1.256 GC heap after
{Heap after GC invocations=7 (full 0):
 garbage-first heap   total 49152K, used 23814K [0x0000000702400000, 0x0000000800000000)
  region size 2048K, 2 young (4096K), 2 survivors (4096K)
 Metaspace       used 33763K, committed 34048K, reserved 1081344K
  class space    used 4289K, committed 4416K, reserved 1048576K
}
Event: 1.340 GC heap before
{Heap before GC invocations=7 (full 0):
 garbage-first heap   total 49152K, used 29958K [0x0000000702400000, 0x0000000800000000)
  region size 2048K, 6 young (12288K), 2 survivors (4096K)
 Metaspace       used 35771K, committed 35968K, reserved 1081344K
  class space    used 4511K, committed 4608K, reserved 1048576K
}
Event: 1.344 GC heap after
{Heap after GC invocations=8 (full 0):
 garbage-first heap   total 49152K, used 24738K [0x0000000702400000, 0x0000000800000000)
  region size 2048K, 1 young (2048K), 1 survivors (2048K)
 Metaspace       used 35771K, committed 35968K, reserved 1081344K
  class space    used 4511K, committed 4608K, reserved 1048576K
}
Event: 1.435 GC heap before
{Heap before GC invocations=9 (full 0):
 garbage-first heap   total 49152K, used 34978K [0x0000000702400000, 0x0000000800000000)
  region size 2048K, 6 young (12288K), 1 survivors (2048K)
 Metaspace       used 37201K, committed 37440K, reserved 1081344K
  class space    used 4687K, committed 4800K, reserved 1048576K
}
Event: 1.438 GC heap after
{Heap after GC invocations=10 (full 0):
 garbage-first heap   total 155648K, used 24386K [0x0000000702400000, 0x0000000800000000)
  region size 2048K, 1 young (2048K), 1 survivors (2048K)
 Metaspace       used 37201K, committed 37440K, reserved 1081344K
  class space    used 4687K, committed 4800K, reserved 1048576K
}
Event: 1.472 GC heap before
{Heap before GC invocations=10 (full 0):
 garbage-first heap   total 155648K, used 28482K [0x0000000702400000, 0x0000000800000000)
  region size 2048K, 3 young (6144K), 1 survivors (2048K)
 Metaspace       used 38116K, committed 38400K, reserved 1089536K
  class space    used 4789K, committed 4928K, reserved 1048576K
}
Event: 1.475 GC heap after
{Heap after GC invocations=11 (full 0):
 garbage-first heap   total 155648K, used 24744K [0x0000000702400000, 0x0000000800000000)
  region size 2048K, 1 young (2048K), 1 survivors (2048K)
 Metaspace       used 38116K, committed 38400K, reserved 1089536K
  class space    used 4789K, committed 4928K, reserved 1048576K
}
Event: 2.078 GC heap before
{Heap before GC invocations=11 (full 0):
 garbage-first heap   total 155648K, used 100520K [0x0000000702400000, 0x0000000800000000)
  region size 2048K, 37 young (75776K), 1 survivors (2048K)
 Metaspace       used 49801K, committed 50048K, reserved 1097728K
  class space    used 5994K, committed 6080K, reserved 1048576K
}
Event: 2.083 GC heap after
{Heap after GC invocations=12 (full 0):
 garbage-first heap   total 155648K, used 32805K [0x0000000702400000, 0x0000000800000000)
  region size 2048K, 4 young (8192K), 4 survivors (8192K)
 Metaspace       used 49801K, committed 50048K, reserved 1097728K
  class space    used 5994K, committed 6080K, reserved 1048576K
}
Event: 2.821 GC heap before
{Heap before GC invocations=12 (full 0):
 garbage-first heap   total 155648K, used 104485K [0x0000000702400000, 0x0000000800000000)
  region size 2048K, 39 young (79872K), 4 survivors (8192K)
 Metaspace       used 56091K, committed 56384K, reserved 1105920K
  class space    used 6599K, committed 6720K, reserved 1048576K
}
Event: 2.834 GC heap after
{Heap after GC invocations=13 (full 0):
 garbage-first heap   total 155648K, used 44039K [0x0000000702400000, 0x0000000800000000)
  region size 2048K, 5 young (10240K), 5 survivors (10240K)
 Metaspace       used 56091K, committed 56384K, reserved 1105920K
  class space    used 6599K, committed 6720K, reserved 1048576K
}
Event: 3.275 GC heap before
{Heap before GC invocations=13 (full 0):
 garbage-first heap   total 155648K, used 105479K [0x0000000702400000, 0x0000000800000000)
  region size 2048K, 36 young (73728K), 5 survivors (10240K)
 Metaspace       used 59883K, committed 60096K, reserved 1105920K
  class space    used 7129K, committed 7232K, reserved 1048576K
}
Event: 3.290 GC heap after
{Heap after GC invocations=14 (full 0):
 garbage-first heap   total 155648K, used 52616K [0x0000000702400000, 0x0000000800000000)
  region size 2048K, 4 young (8192K), 4 survivors (8192K)
 Metaspace       used 59883K, committed 60096K, reserved 1105920K
  class space    used 7129K, committed 7232K, reserved 1048576K
}
Event: 4.191 GC heap before
{Heap before GC invocations=15 (full 0):
 garbage-first heap   total 155648K, used 112008K [0x0000000702400000, 0x0000000800000000)
  region size 2048K, 33 young (67584K), 4 survivors (8192K)
 Metaspace       used 68027K, committed 68352K, reserved 1114112K
  class space    used 8044K, committed 8192K, reserved 1048576K
}
Event: 4.204 GC heap after
{Heap after GC invocations=16 (full 0):
 garbage-first heap   total 155648K, used 61682K [0x0000000702400000, 0x0000000800000000)
  region size 2048K, 5 young (10240K), 5 survivors (10240K)
 Metaspace       used 68027K, committed 68352K, reserved 1114112K
  class space    used 8044K, committed 8192K, reserved 1048576K
}
Event: 4.801 GC heap before
{Heap before GC invocations=17 (full 0):
 garbage-first heap   total 155648K, used 114930K [0x0000000702400000, 0x0000000800000000)
  region size 2048K, 31 young (63488K), 5 survivors (10240K)
 Metaspace       used 76142K, committed 76480K, reserved 1122304K
  class space    used 8933K, committed 9088K, reserved 1048576K
}
Event: 4.814 GC heap after
{Heap after GC invocations=18 (full 0):
 garbage-first heap   total 155648K, used 69189K [0x0000000702400000, 0x0000000800000000)
  region size 2048K, 4 young (8192K), 4 survivors (8192K)
 Metaspace       used 76142K, committed 76480K, reserved 1122304K
  class space    used 8933K, committed 9088K, reserved 1048576K
}
Event: 5.240 GC heap before
{Heap before GC invocations=18 (full 0):
 garbage-first heap   total 155648K, used 118341K [0x0000000702400000, 0x0000000800000000)
  region size 2048K, 28 young (57344K), 4 survivors (8192K)
 Metaspace       used 80646K, committed 80960K, reserved 1122304K
  class space    used 9386K, committed 9536K, reserved 1048576K
}
Event: 5.253 GC heap after
{Heap after GC invocations=19 (full 0):
 garbage-first heap   total 217088K, used 76642K [0x0000000702400000, 0x0000000800000000)
  region size 2048K, 4 young (8192K), 4 survivors (8192K)
 Metaspace       used 80646K, committed 80960K, reserved 1122304K
  class space    used 9386K, committed 9536K, reserved 1048576K
}

Dll operation events (2 events):
Event: 0.003 Loaded shared library C:\Program Files\Android\Android Studio\jbr\bin\java.dll
Event: 0.604 Loaded shared library C:\Program Files\Android\Android Studio\jbr\bin\verify.dll

Deoptimization events (20 events):
Event: 5.612 Thread 0x00000155862a87c0 Uncommon trap: trap_request=0xffffff45 fr.pc=0x000001559178a09c relative=0x000000000000017c
Event: 5.612 Thread 0x00000155862a87c0 Uncommon trap: reason=unstable_if action=reinterpret pc=0x000001559178a09c method=org.jetbrains.kotlin.codegen.inline.InlineCodegenUtilsKt.isInlineMarker(Lorg/jetbrains/org/objectweb/asm/tree/AbstractInsnNode;Ljava/lang/String;)Z @ 33 c2
Event: 5.612 Thread 0x00000155862a87c0 DEOPT PACKING pc=0x000001559178a09c sp=0x000000111f4fe0b0
Event: 5.612 Thread 0x00000155862a87c0 DEOPT UNPACKING pc=0x0000015590d069a3 sp=0x000000111f4fe038 mode 2
Event: 5.625 Thread 0x00000155862a87c0 Uncommon trap: trap_request=0xffffffde fr.pc=0x00000155914fec70 relative=0x00000000000000d0
Event: 5.625 Thread 0x00000155862a87c0 Uncommon trap: reason=class_check action=maybe_recompile pc=0x00000155914fec70 method=org.jetbrains.kotlin.ir.symbols.impl.IrSymbolBase.getDescriptor()Lorg/jetbrains/kotlin/descriptors/DeclarationDescriptor; @ 19 c2
Event: 5.625 Thread 0x00000155862a87c0 DEOPT PACKING pc=0x00000155914fec70 sp=0x000000111f4fc790
Event: 5.625 Thread 0x00000155862a87c0 DEOPT UNPACKING pc=0x0000015590d069a3 sp=0x000000111f4fc728 mode 2
Event: 5.635 Thread 0x00000155862a87c0 Uncommon trap: trap_request=0xffffffde fr.pc=0x00000155914fec70 relative=0x00000000000000d0
Event: 5.635 Thread 0x00000155862a87c0 Uncommon trap: reason=class_check action=maybe_recompile pc=0x00000155914fec70 method=org.jetbrains.kotlin.ir.symbols.impl.IrSymbolBase.getDescriptor()Lorg/jetbrains/kotlin/descriptors/DeclarationDescriptor; @ 19 c2
Event: 5.635 Thread 0x00000155862a87c0 DEOPT PACKING pc=0x00000155914fec70 sp=0x000000111f4fddb0
Event: 5.635 Thread 0x00000155862a87c0 DEOPT UNPACKING pc=0x0000015590d069a3 sp=0x000000111f4fdd50 mode 2
Event: 5.637 Thread 0x00000155862a87c0 Uncommon trap: trap_request=0xffffffc6 fr.pc=0x00000155913c06d0 relative=0x0000000000001870
Event: 5.637 Thread 0x00000155862a87c0 Uncommon trap: reason=bimorphic_or_optimized_type_check action=maybe_recompile pc=0x00000155913c06d0 method=java.util.concurrent.ConcurrentHashMap.computeIfAbsent(Ljava/lang/Object;Ljava/util/function/Function;)Ljava/lang/Object; @ 356 c2
Event: 5.637 Thread 0x00000155862a87c0 DEOPT PACKING pc=0x00000155913c06d0 sp=0x000000111f4fe270
Event: 5.637 Thread 0x00000155862a87c0 DEOPT UNPACKING pc=0x0000015590d069a3 sp=0x000000111f4fe208 mode 2
Event: 5.638 Thread 0x00000155862a87c0 Uncommon trap: trap_request=0xffffffdc fr.pc=0x00000155917a6438 relative=0x0000000000000298
Event: 5.638 Thread 0x00000155862a87c0 Uncommon trap: reason=class_check action=make_not_entrant pc=0x00000155917a6438 method=java.util.ArrayList.toArray([Ljava/lang/Object;)[Ljava/lang/Object; @ 21 c2
Event: 5.638 Thread 0x00000155862a87c0 DEOPT PACKING pc=0x00000155917a6438 sp=0x000000111f4fcd80
Event: 5.638 Thread 0x00000155862a87c0 DEOPT UNPACKING pc=0x0000015590d069a3 sp=0x000000111f4fcd30 mode 2

Classes unloaded (0 events):
No events

Classes redefined (0 events):
No events

Internal exceptions (20 events):
Event: 3.275 Thread 0x00000155862a87c0 Exception <a 'java/lang/NoSuchMethodError'{0x0000000707ff6518}: 'void java.lang.invoke.DirectMethodHandle$Holder.invokeInterface(java.lang.Object, java.lang.Object)'> (0x0000000707ff6518) 
thrown [s\src\hotspot\share\interpreter\linkResolver.cpp, line 771]
Event: 3.319 Thread 0x00000155862a87c0 Exception <a 'java/lang/IncompatibleClassChangeError'{0x000000071213c528}: Found class java.lang.Object, but interface was expected> (0x000000071213c528) 
thrown [s\src\hotspot\share\interpreter\linkResolver.cpp, line 838]
Event: 3.324 Thread 0x00000155862a87c0 Implicit null exception at 0x00000155913b29cc to 0x00000155913b2ad4
Event: 3.389 Thread 0x00000155862a87c0 Implicit null exception at 0x00000155912f87a0 to 0x00000155912f8930
Event: 3.390 Thread 0x00000155862a87c0 Implicit null exception at 0x00000155912b7660 to 0x00000155912b76fa
Event: 3.436 Thread 0x00000155862a87c0 Implicit null exception at 0x000001559126a572 to 0x000001559126abcc
Event: 3.449 Thread 0x00000155862a87c0 Exception <a 'java/lang/NoSuchMethodError'{0x000000070b147e78}: 'java.lang.Object java.lang.invoke.DirectMethodHandle$Holder.invokeInterface(java.lang.Object, java.lang.Object, java.lang.Object)'> (0x000000070b147e78) 
thrown [s\src\hotspot\share\interpreter\linkResolver.cpp, line 771]
Event: 3.449 Thread 0x00000155862a87c0 Exception <a 'java/lang/IncompatibleClassChangeError'{0x000000070b14b7e8}: Found class java.lang.Object, but interface was expected> (0x000000070b14b7e8) 
thrown [s\src\hotspot\share\interpreter\linkResolver.cpp, line 838]
Event: 3.459 Thread 0x00000155862a87c0 Implicit null exception at 0x000001559126bd72 to 0x000001559126c3cc
Event: 3.594 Thread 0x00000155862a87c0 Exception <a 'java/lang/NoSuchMethodError'{0x000000070a8cc7e8}: 'java.lang.Object java.lang.invoke.DirectMethodHandle$Holder.newInvokeSpecial(java.lang.Object, java.lang.Object, java.lang.Object, java.lang.Object, java.lang.Object, java.lang.Object, java.lang.Object)'> (0x000000070a8cc7e8) 
thrown [s\src\hotspot\share\interpreter\linkResolver.cpp, line 771]
Event: 3.594 Thread 0x00000155862a87c0 Exception <a 'java/lang/NoSuchMethodError'{0x000000070a8d18f0}: 'java.lang.Object java.lang.invoke.Invokers$Holder.linkToTargetMethod(java.lang.Object, java.lang.Object, java.lang.Object, java.lang.Object, java.lang.Object, java.lang.Object, java.lang.Object)'> (0x000000070a8d18f0) 
thrown [s\src\hotspot\share\interpreter\linkResolver.cpp, line 771]
Event: 3.653 Thread 0x00000155862a87c0 Exception <a 'java/lang/NoSuchMethodError'{0x000000070a50b360}: 'java.lang.Object java.lang.invoke.DirectMethodHandle$Holder.invokeStatic(java.lang.Object, int, java.lang.Object)'> (0x000000070a50b360) 
thrown [s\src\hotspot\share\interpreter\linkResolver.cpp, line 771]
Event: 3.998 Thread 0x00000155862a87c0 Implicit null exception at 0x00000155912e9bef to 0x00000155912e9dd4
Event: 4.059 Thread 0x00000155862a87c0 Implicit null exception at 0x000001559150d5d7 to 0x000001559150d8dc
Event: 4.109 Thread 0x00000155862a87c0 Exception <a 'java/lang/NoSuchMethodError'{0x0000000708b9aa08}: 'java.lang.Object java.lang.invoke.DirectMethodHandle$Holder.invokeStaticInit(java.lang.Object, java.lang.Object, java.lang.Object, java.lang.Object)'> (0x0000000708b9aa08) 
thrown [s\src\hotspot\share\interpreter\linkResolver.cpp, line 771]
Event: 4.274 Thread 0x00000155862a87c0 Exception <a 'java/lang/NoSuchMethodError'{0x0000000711ac4ec8}: 'java.lang.Object java.lang.invoke.DirectMethodHandle$Holder.newInvokeSpecial(java.lang.Object, java.lang.Object, java.lang.Object, int, int)'> (0x0000000711ac4ec8) 
thrown [s\src\hotspot\share\interpreter\linkResolver.cpp, line 771]
Event: 4.274 Thread 0x00000155862a87c0 Exception <a 'java/lang/NoSuchMethodError'{0x0000000711ac8d08}: 'java.lang.Object java.lang.invoke.DirectMethodHandle$Holder.invokeSpecial(java.lang.Object, java.lang.Object, java.lang.Object, java.lang.Object, int, int)'> (0x0000000711ac8d08) 
thrown [s\src\hotspot\share\interpreter\linkResolver.cpp, line 771]
Event: 4.298 Thread 0x00000155862a87c0 Exception <a 'java/lang/NoSuchMethodError'{0x00000007118690b0}: 'java.lang.Object java.lang.invoke.DirectMethodHandle$Holder.invokeSpecial(java.lang.Object, java.lang.Object, int, int, java.lang.Object, java.lang.Object, java.lang.Object, java.lang.Object, java.lang.Object)'> (0x00000007118690b0) 
thrown [s\src\hotspot\share\interpreter\linkResolver.cpp, line 771]
Event: 4.465 Thread 0x00000155862a87c0 Implicit null exception at 0x00000155912bae70 to 0x00000155912bb0c0
Event: 5.102 Thread 0x00000155862a87c0 Exception <a 'java/lang/NoSuchMethodError'{0x0000000709cdd5d0}: 'java.lang.Object java.lang.invoke.DirectMethodHandle$Holder.newInvokeSpecial(java.lang.Object, int, java.lang.Object, java.lang.Object)'> (0x0000000709cdd5d0) 
thrown [s\src\hotspot\share\interpreter\linkResolver.cpp, line 771]

VM Operations (20 events):
Event: 5.342 Executing VM operation: HandshakeAllThreads
Event: 5.342 Executing VM operation: HandshakeAllThreads done
Event: 5.343 Executing VM operation: HandshakeAllThreads
Event: 5.344 Executing VM operation: HandshakeAllThreads done
Event: 5.447 Executing VM operation: HandshakeAllThreads
Event: 5.447 Executing VM operation: HandshakeAllThreads done
Event: 5.491 Executing VM operation: ICBufferFull
Event: 5.491 Executing VM operation: ICBufferFull done
Event: 5.506 Executing VM operation: HandshakeAllThreads
Event: 5.506 Executing VM operation: HandshakeAllThreads done
Event: 5.574 Executing VM operation: ICBufferFull
Event: 5.574 Executing VM operation: ICBufferFull done
Event: 5.615 Executing VM operation: HandshakeAllThreads
Event: 5.615 Executing VM operation: HandshakeAllThreads done
Event: 5.624 Executing VM operation: HandshakeAllThreads
Event: 5.624 Executing VM operation: HandshakeAllThreads done
Event: 5.637 Executing VM operation: ICBufferFull
Event: 5.638 Executing VM operation: ICBufferFull done
Event: 5.638 Executing VM operation: ICBufferFull
Event: 5.638 Executing VM operation: ICBufferFull done

Events (20 events):
Event: 4.231 Thread 0x00000155a5caff70 flushing nmethod 0x000001558a885610
Event: 4.231 Thread 0x00000155a5caff70 flushing nmethod 0x000001558a89c010
Event: 4.231 Thread 0x00000155a5caff70 flushing nmethod 0x000001558a8cf910
Event: 4.232 Thread 0x00000155a5caff70 flushing nmethod 0x000001558a901310
Event: 4.232 Thread 0x00000155a5caff70 flushing nmethod 0x000001558a973890
Event: 4.944 Thread 0x00000155a5caff70 flushing nmethod 0x00000155913b5710
Event: 4.944 Thread 0x00000155a5caff70 flushing nmethod 0x000001559151f490
Event: 4.946 Thread 0x00000155a5caff70 flushing nmethod 0x0000015589bd6b10
Event: 4.952 Thread 0x00000155a5caff70 flushing nmethod 0x000001558a8b8c90
Event: 4.952 Thread 0x00000155a5caff70 flushing nmethod 0x000001558aa1d390
Event: 5.394 loading class java/util/Vector$Itr
Event: 5.394 loading class java/util/Vector$Itr done
Event: 5.422 loading class java/security/CodeSigner
Event: 5.422 loading class java/security/CodeSigner done
Event: 5.592 loading class java/util/regex/Pattern$Dollar
Event: 5.592 loading class java/util/regex/Pattern$Dollar done
Event: 5.628 Thread 0x00000155a5caff70 flushing nmethod 0x0000015589bc6c10
Event: 5.630 Thread 0x00000155a5caff70 flushing nmethod 0x0000015589e43990
Event: 5.630 Thread 0x00000155a5caff70 flushing nmethod 0x0000015589e44110
Event: 5.633 Thread 0x00000155a5caff70 flushing nmethod 0x000001558a4b4790


Dynamic libraries:
0x00007ff6f7c50000 - 0x00007ff6f7c5a000 	C:\Program Files\Android\Android Studio\jbr\bin\java.exe
0x00007fff8d630000 - 0x00007fff8d828000 	C:\WINDOWS\SYSTEM32\ntdll.dll
0x00007fff8cbf0000 - 0x00007fff8ccaf000 	C:\WINDOWS\System32\KERNEL32.DLL
0x00007fff8af40000 - 0x00007fff8b236000 	C:\WINDOWS\System32\KERNELBASE.dll
0x00007fff8b270000 - 0x00007fff8b370000 	C:\WINDOWS\System32\ucrtbase.dll
0x00007fff6fc30000 - 0x00007fff6fc47000 	C:\Program Files\Android\Android Studio\jbr\bin\jli.dll
0x00007fff7e880000 - 0x00007fff7e89b000 	C:\Program Files\Android\Android Studio\jbr\bin\VCRUNTIME140.dll
0x00007fff8c4a0000 - 0x00007fff8c63d000 	C:\WINDOWS\System32\USER32.dll
0x00007fff8b240000 - 0x00007fff8b262000 	C:\WINDOWS\System32\win32u.dll
0x00007fff7fda0000 - 0x00007fff8003a000 	C:\WINDOWS\WinSxS\amd64_microsoft.windows.common-controls_6595b64144ccf1df_6.0.19041.1110_none_60b5254171f9507e\COMCTL32.dll
0x00007fff8c750000 - 0x00007fff8c77c000 	C:\WINDOWS\System32\GDI32.dll
0x00007fff8caf0000 - 0x00007fff8cb8e000 	C:\WINDOWS\System32\msvcrt.dll
0x00007fff8b420000 - 0x00007fff8b535000 	C:\WINDOWS\System32\gdi32full.dll
0x00007fff8ad10000 - 0x00007fff8adad000 	C:\WINDOWS\System32\msvcp_win.dll
0x00007fff8bc70000 - 0x00007fff8bca0000 	C:\WINDOWS\System32\IMM32.DLL
0x00007fff88430000 - 0x00007fff8843c000 	C:\Program Files\Android\Android Studio\jbr\bin\vcruntime140_1.dll
0x00007fff69020000 - 0x00007fff690ad000 	C:\Program Files\Android\Android Studio\jbr\bin\msvcp140.dll
0x00007fff3ac90000 - 0x00007fff3b8fe000 	C:\Program Files\Android\Android Studio\jbr\bin\server\jvm.dll
0x00007fff8d260000 - 0x00007fff8d30f000 	C:\WINDOWS\System32\ADVAPI32.dll
0x00007fff8c640000 - 0x00007fff8c6dc000 	C:\WINDOWS\System32\sechost.dll
0x00007fff8ba10000 - 0x00007fff8bb36000 	C:\WINDOWS\System32\RPCRT4.dll
0x00007fff82670000 - 0x00007fff82697000 	C:\WINDOWS\SYSTEM32\WINMM.dll
0x00007fff85050000 - 0x00007fff8505a000 	C:\WINDOWS\SYSTEM32\VERSION.dll
0x00007fff75050000 - 0x00007fff75059000 	C:\WINDOWS\SYSTEM32\WSOCK32.dll
0x00007fff8d3a0000 - 0x00007fff8d40b000 	C:\WINDOWS\System32\WS2_32.dll
0x00007fff88be0000 - 0x00007fff88bf2000 	C:\WINDOWS\SYSTEM32\kernel.appcore.dll
0x00007fff74790000 - 0x00007fff7479a000 	C:\Program Files\Android\Android Studio\jbr\bin\jimage.dll
0x00007fff808e0000 - 0x00007fff80ac4000 	C:\WINDOWS\SYSTEM32\DBGHELP.DLL
0x00007fff74010000 - 0x00007fff74044000 	C:\WINDOWS\SYSTEM32\dbgcore.DLL
0x00007fff8b600000 - 0x00007fff8b682000 	C:\WINDOWS\System32\bcryptPrimitives.dll
0x00007fff74760000 - 0x00007fff74785000 	C:\Program Files\Android\Android Studio\jbr\bin\java.dll
0x00007fff74740000 - 0x00007fff74758000 	C:\Program Files\Android\Android Studio\jbr\bin\zip.dll
0x00007fff8bd50000 - 0x00007fff8c494000 	C:\WINDOWS\System32\SHELL32.dll
0x00007fff88de0000 - 0x00007fff89574000 	C:\WINDOWS\SYSTEM32\windows.storage.dll
0x00007fff8c790000 - 0x00007fff8cae4000 	C:\WINDOWS\System32\combase.dll
0x00007fff8a750000 - 0x00007fff8a77e000 	C:\WINDOWS\SYSTEM32\Wldp.dll
0x00007fff8b960000 - 0x00007fff8ba0d000 	C:\WINDOWS\System32\SHCORE.dll
0x00007fff8d410000 - 0x00007fff8d465000 	C:\WINDOWS\System32\shlwapi.dll
0x00007fff8ac40000 - 0x00007fff8ac65000 	C:\WINDOWS\SYSTEM32\profapi.dll
0x00007fff746c0000 - 0x00007fff746d9000 	C:\Program Files\Android\Android Studio\jbr\bin\net.dll
0x00007fff849a0000 - 0x00007fff84aaa000 	C:\WINDOWS\SYSTEM32\WINHTTP.dll
0x00007fff8a4b0000 - 0x00007fff8a51a000 	C:\WINDOWS\system32\mswsock.dll
0x00007fff70b70000 - 0x00007fff70b86000 	C:\Program Files\Android\Android Studio\jbr\bin\nio.dll
0x00007fff746b0000 - 0x00007fff746c0000 	C:\Program Files\Android\Android Studio\jbr\bin\verify.dll

dbghelp: loaded successfully - version: 4.0.5 - missing functions: none
symbol engine: initialized successfully - sym options: 0x614 - pdb path: .;C:\Program Files\Android\Android Studio\jbr\bin;C:\WINDOWS\SYSTEM32;C:\WINDOWS\WinSxS\amd64_microsoft.windows.common-controls_6595b64144ccf1df_6.0.19041.1110_none_60b5254171f9507e;C:\Program Files\Android\Android Studio\jbr\bin\server

VM Arguments:
java_command: org.jetbrains.kotlin.cli.jvm.K2JVMCompiler @C:\Users\nataly\AndroidStudioProjects\CocktailBar\app\build\20230808_5931285953539804939.compiler.options
java_class_path (initial): C:\Users\nataly\.gradle\caches\modules-2\files-2.1\org.jetbrains.kotlin\kotlin-compiler-embeddable\1.8.0\eb9118d4bcceaa2a94b2ae2a33a4ddba7c9a947f\kotlin-compiler-embeddable-1.8.0.jar;C:\Users\nataly\.gradle\caches\modules-2\files-2.1\org.jetbrains.kotlin\kotlin-stdlib\1.8.0\1796921c7a3e2e2665a83e6c8d33399336cd39bc\kotlin-stdlib-1.8.0.jar;C:\Users\nataly\.gradle\caches\modules-2\files-2.1\org.jetbrains.kotlin\kotlin-script-runtime\1.8.0\b2f7e760d283cb339974851c222a4c1d48f2d3d\kotlin-script-runtime-1.8.0.jar;C:\Users\nataly\.gradle\caches\modules-2\files-2.1\org.jetbrains.kotlin\kotlin-reflect\1.6.10\1cbe9c92c12a94eea200d23c2bbaedaf3daf5132\kotlin-reflect-1.6.10.jar;C:\Users\nataly\.gradle\caches\modules-2\files-2.1\org.jetbrains.kotlin\kotlin-daemon-embeddable\1.8.0\d255216c551685dc3a7e852b53617f5f01aaaa5c\kotlin-daemon-embeddable-1.8.0.jar;C:\Users\nataly\.gradle\caches\modules-2\files-2.1\org.jetbrains.intellij.deps\trove4j\1.0.20200330\3afb14d5f9ceb459d724e907a21145e8ff394f02\trove4j-1.0.20200330.jar;C:\Users\nataly\.gradle\caches\modules-2\files-2.1\net.java.dev.jna\jna\5.6.0\330f2244e9030119ab3030fc3fededc86713d9cc\jna-5.6.0.jar;C:\Users\nataly\.gradle\caches\modules-2\files-2.1\org.jetbrains.kotlin\kotlin-stdlib-common\1.8.0\f7197e7cc76453ac59f8b0f8d5137cc600becd36\kotlin-stdlib-common-1.8.0.jar;C:\Users\nataly\.gradle\caches\modules-2\files-2.1\org.jetbrains\annotations\13.0\919f0dfe192fb4e063e7dacadee7f8bb9a2672a9\annotations-13.0.jar
Launcher Type: SUN_STANDARD

[Global flags]
     intx CICompilerCount                          = 4                                         {product} {ergonomic}
     uint ConcGCThreads                            = 3                                         {product} {ergonomic}
     uint G1ConcRefinementThreads                  = 10                                        {product} {ergonomic}
   size_t G1HeapRegionSize                         = 2097152                                   {product} {ergonomic}
    uintx GCDrainStackTargetSize                   = 64                                        {product} {ergonomic}
   size_t InitialHeapSize                          = 266338304                                 {product} {ergonomic}
   size_t MarkStackSize                            = 4194304                                   {product} {ergonomic}
   size_t MaxHeapSize                              = 4257218560                                {product} {ergonomic}
   size_t MaxNewSize                               = 2554331136                                {product} {ergonomic}
   size_t MinHeapDeltaBytes                        = 2097152                                   {product} {ergonomic}
   size_t MinHeapSize                              = 8388608                                   {product} {ergonomic}
    uintx NonNMethodCodeHeapSize                   = 5839372                                {pd product} {ergonomic}
    uintx NonProfiledCodeHeapSize                  = 122909434                              {pd product} {ergonomic}
    uintx ProfiledCodeHeapSize                     = 122909434                              {pd product} {ergonomic}
    uintx ReservedCodeCacheSize                    = 251658240                              {pd product} {ergonomic}
     bool SegmentedCodeCache                       = true                                      {product} {ergonomic}
   size_t SoftMaxHeapSize                          = 4257218560                             {manageable} {ergonomic}
     bool UseCompressedClassPointers               = true                           {product lp64_product} {ergonomic}
     bool UseCompressedOops                        = true                           {product lp64_product} {ergonomic}
     bool UseG1GC                                  = true                                      {product} {ergonomic}
     bool UseLargePagesIndividualAllocation        = false                                  {pd product} {ergonomic}

Logging:
Log output configuration:
 #0: stdout all=warning uptime,level,tags
 #1: stderr all=off uptime,level,tags

Environment Variables:
PATH=C:\Program Files (x86)\VMware\VMware Workstation\bin\;C:\ProgramData\Oracle\Java\javapath;C:\WINDOWS\system32;C:\WINDOWS;C:\WINDOWS\System32\Wbem;C:\WINDOWS\System32\WindowsPowerShell\v1.0\;C:\WINDOWS\System32\OpenSSH\;C:\Program Files\dotnet\;C:\Users\nataly\AppData\Local\Programs\Python\Python311\Scripts;C:\Program Files\Git\cmd;C:\Users\nataly\AppData\Local\Microsoft\WindowsApps;C:\Users\nataly\AppData\Local\Programs\Python\Python311\Scripts;;C:\Program Files\JetBrains\WebStorm 2022.2.3\bin;;C:\Users\nataly\.dotnet\tools
USERNAME=nataly
OS=Windows_NT
PROCESSOR_IDENTIFIER=Intel64 Family 6 Model 165 Stepping 3, GenuineIntel
TMP=C:\Users\nataly\AppData\Local\Temp
TEMP=C:\Users\nataly\AppData\Local\Temp


JNI global refs:
JNI global refs: 14, weak refs: 7

JNI global refs memory usage: 843, weak refs: 841


---------------  S Y S T E M  ---------------

OS:
 Windows 10 , 64 bit Build 19041 (10.0.19041.3155)
OS uptime: 0 days 6:00 hours

CPU: total 12 (initial active 12) (6 cores per cpu, 2 threads per core) family 6 model 165 stepping 3 microcode 0xe0, cx8, cmov, fxsr, ht, mmx, 3dnowpref, sse, sse2, sse3, ssse3, sse4.1, sse4.2, popcnt, lzcnt, tsc, tscinvbit, avx, avx2, aes, erms, clmul, bmi1, bmi2, adx, fma, vzeroupper, clflush, clflushopt

Memory: 4k page, system-wide physical 16236M (4196M free)
TotalPageFile size 17036M (AvailPageFile size 5M)
current process WorkingSet (physical memory assigned to process): 426M, peak: 426M
current process commit charge ("private bytes"): 496M, peak: 497M

vm_info: OpenJDK 64-Bit Server VM (17.0.6+0-b2043.56-10027231) for windows-amd64 JRE (17.0.6+0-b2043.56-10027231), built on Apr 28 2023 00:43:19 by "androidbuild" with MS VC++ 16.10 / 16.11 (VS2019)

END.
